gongjiaoqian/build/outputs/logs/manifest-merger-debug-report.txt
-- Merging decision tree log ---
manifest
ADDED from gongjiao\AndroidManifest.xml:2:1-155:12
	package
		ADDED from gongjiao\AndroidManifest.xml:3:5-35
	android:versionName
		ADDED from gongjiao\AndroidManifest.xml:5:5-30
		INJECTED from gongjiao\AndroidManifest.xml
		INJECTED from gongjiao\AndroidManifest.xml
	android:versionCode
		ADDED from gongjiao\AndroidManifest.xml:4:5-28
		INJECTED from gongjiao\AndroidManifest.xml
		INJECTED from gongjiao\AndroidManifest.xml
	xmlns:android
		ADDED from gongjiao\AndroidManifest.xml:2:11-69
uses-sdk
ADDED from gongjiao\AndroidManifest.xml:7:5-9:41
	android:targetSdkVersion
		ADDED from gongjiao\AndroidManifest.xml:9:9-38
	android:minSdkVersion
		ADDED from gongjiao\AndroidManifest.xml:8:9-34
uses-feature#0x00020000
ADDED from gongjiao\AndroidManifest.xml:12:5-14:35
	android:glEsVersion
		ADDED from gongjiao\AndroidManifest.xml:13:9-41
	android:required
		ADDED from gongjiao\AndroidManifest.xml:14:9-32
uses-permission#android.permission.ACCESS_NETWORK_STATE
ADDED from gongjiao\AndroidManifest.xml:16:5-79
	android:name
		ADDED from gongjiao\AndroidManifest.xml:16:22-76
uses-permission#android.permission.INTERNET
ADDED from gongjiao\AndroidManifest.xml:17:5-67
	android:name
		ADDED from gongjiao\AndroidManifest.xml:17:22-64
uses-permission#com.android.launcher.permission.READ_SETTINGS
ADDED from gongjiao\AndroidManifest.xml:18:5-85
	android:name
		ADDED from gongjiao\AndroidManifest.xml:18:22-82
uses-permission#android.permission.WAKE_LOCK
ADDED from gongjiao\AndroidManifest.xml:19:5-68
	android:name
		ADDED from gongjiao\AndroidManifest.xml:19:22-65
uses-permission#android.permission.CHANGE_WIFI_STATE
ADDED from gongjiao\AndroidManifest.xml:20:5-76
	android:name
		ADDED from gongjiao\AndroidManifest.xml:20:22-73
uses-permission#android.permission.ACCESS_WIFI_STATE
ADDED from gongjiao\AndroidManifest.xml:21:5-76
	android:name
		ADDED from gongjiao\AndroidManifest.xml:21:22-73
uses-permission#android.permission.GET_TASKS
ADDED from gongjiao\AndroidManifest.xml:22:5-68
	android:name
		ADDED from gongjiao\AndroidManifest.xml:22:22-65
uses-permission#android.permission.WRITE_EXTERNAL_STORAGE
ADDED from gongjiao\AndroidManifest.xml:23:5-81
	android:name
		ADDED from gongjiao\AndroidManifest.xml:23:22-78
uses-permission#android.permission.WRITE_SETTINGS
ADDED from gongjiao\AndroidManifest.xml:24:5-73
	android:name
		ADDED from gongjiao\AndroidManifest.xml:24:22-70
uses-permission#android.permission.READ_PHONE_STATE
ADDED from gongjiao\AndroidManifest.xml:25:5-75
	android:name
		ADDED from gongjiao\AndroidManifest.xml:25:22-72
uses-permission#android.permission.ACCESS_COARSE_LOCATION
ADDED from gongjiao\AndroidManifest.xml:26:5-81
	android:name
		ADDED from gongjiao\AndroidManifest.xml:26:22-78
uses-permission#android.permission.RECEIVE_BOOT_COMPLETED
ADDED from gongjiao\AndroidManifest.xml:30:5-81
	android:name
		ADDED from gongjiao\AndroidManifest.xml:30:22-78
uses-permission#android.permission.RESTART_PACKAGES
ADDED from gongjiao\AndroidManifest.xml:31:5-75
	android:name
		ADDED from gongjiao\AndroidManifest.xml:31:22-72
uses-permission#android.permission.BROADCAST_STICKY
ADDED from gongjiao\AndroidManifest.xml:32:5-75
	android:name
		ADDED from gongjiao\AndroidManifest.xml:32:22-72
uses-permission#android.permission.RECEIVE_USER_PRESENT
ADDED from gongjiao\AndroidManifest.xml:34:5-79
	android:name
		ADDED from gongjiao\AndroidManifest.xml:34:22-76
uses-permission#android.permission.KILL_BACKGROUND_PROCESSES
ADDED from gongjiao\AndroidManifest.xml:37:5-84
	android:name
		ADDED from gongjiao\AndroidManifest.xml:37:22-81
uses-permission#android.permission.READ_LOGS
ADDED from gongjiao\AndroidManifest.xml:39:5-68
	android:name
		ADDED from gongjiao\AndroidManifest.xml:39:22-65
uses-permission#android.permission.VIBRATE
ADDED from gongjiao\AndroidManifest.xml:40:5-66
	android:name
		ADDED from gongjiao\AndroidManifest.xml:40:22-63
uses-permission#android.permission.BLUETOOTH
ADDED from gongjiao\AndroidManifest.xml:41:5-68
	android:name
		ADDED from gongjiao\AndroidManifest.xml:41:22-65
uses-permission#android.permission.BATTERY_STATS
ADDED from gongjiao\AndroidManifest.xml:42:5-72
	android:name
		ADDED from gongjiao\AndroidManifest.xml:42:22-69
uses-permission#android.permission.ACCESS_FINE_LOCATION
ADDED from gongjiao\AndroidManifest.xml:43:5-79
	android:name
		ADDED from gongjiao\AndroidManifest.xml:43:22-76
supports-screens
ADDED from gongjiao\AndroidManifest.xml:60:5-65:39
	android:largeScreens
		ADDED from gongjiao\AndroidManifest.xml:62:9-36
	android:smallScreens
		ADDED from gongjiao\AndroidManifest.xml:65:9-36
	android:normalScreens
		ADDED from gongjiao\AndroidManifest.xml:63:9-38
	android:resizeable
		ADDED from gongjiao\AndroidManifest.xml:64:9-34
	android:anyDensity
		ADDED from gongjiao\AndroidManifest.xml:61:9-34
uses-permission#android.permission.MOUNT_UNMOUNT_FILESYSTEMS
ADDED from gongjiao\AndroidManifest.xml:82:5-83:23
	android:name
		ADDED from gongjiao\AndroidManifest.xml:82:22-81
application
ADDED from gongjiao\AndroidManifest.xml:89:5-153:19
	android:label
		ADDED from gongjiao\AndroidManifest.xml:93:9-41
	android:allowBackup
		ADDED from gongjiao\AndroidManifest.xml:91:9-35
	android:icon
		ADDED from gongjiao\AndroidManifest.xml:92:9-45
	android:theme
		ADDED from gongjiao\AndroidManifest.xml:94:9-40
	android:name
		ADDED from gongjiao\AndroidManifest.xml:90:9-63
activity#com.example.gongjiao.WelcomeActivity
ADDED from gongjiao\AndroidManifest.xml:95:9-103:20
	android:label
		ADDED from gongjiao\AndroidManifest.xml:97:13-45
	android:name
		ADDED from gongjiao\AndroidManifest.xml:96:13-64
intent-filter#android.intent.action.MAIN+android.intent.category.LAUNCHER
ADDED from gongjiao\AndroidManifest.xml:98:13-102:29
action#android.intent.action.MAIN
ADDED from gongjiao\AndroidManifest.xml:99:17-69
	android:name
		ADDED from gongjiao\AndroidManifest.xml:99:25-66
category#android.intent.category.LAUNCHER
ADDED from gongjiao\AndroidManifest.xml:101:17-77
	android:name
		ADDED from gongjiao\AndroidManifest.xml:101:27-74
meta-data#com.baidu.lbsapi.API_KEY
ADDED from gongjiao\AndroidManifest.xml:105:9-107:64
	android:value
		ADDED from gongjiao\AndroidManifest.xml:107:13-61
	android:name
		ADDED from gongjiao\AndroidManifest.xml:106:13-52
service#com.baidu.location.f
ADDED from gongjiao\AndroidManifest.xml:109:10-117:19
	android:enabled
		ADDED from gongjiao\AndroidManifest.xml:111:13-35
	android:process
		ADDED from gongjiao\AndroidManifest.xml:112:13-38
	android:name
		ADDED from gongjiao\AndroidManifest.xml:110:13-48
intent-filter#com.baidu.location.service_v2.2
ADDED from gongjiao\AndroidManifest.xml:113:13-116:29
action#com.baidu.location.service_v2.2
ADDED from gongjiao\AndroidManifest.xml:114:17-115:26
	android:name
		ADDED from gongjiao\AndroidManifest.xml:114:25-71
activity#com.example.gongjiao.LoginActivity
ADDED from gongjiao\AndroidManifest.xml:119:9-120:20
	android:name
		ADDED from gongjiao\AndroidManifest.xml:119:19-68
activity#com.example.gongjiao.RegistActivity
ADDED from gongjiao\AndroidManifest.xml:121:9-122:20
	android:name
		ADDED from gongjiao\AndroidManifest.xml:121:19-69
activity#com.example.gongjiao.RoutePlanDemo
ADDED from gongjiao\AndroidManifest.xml:123:9-124:20
	android:name
		ADDED from gongjiao\AndroidManifest.xml:123:19-68
activity#com.example.gongjiao.fenxiang
ADDED from gongjiao\AndroidManifest.xml:125:9-126:20
	android:name
		ADDED from gongjiao\AndroidManifest.xml:125:19-63
activity#com.example.gongjiao.mes_des
ADDED from gongjiao\AndroidManifest.xml:127:9-128:20
	android:name
		ADDED from gongjiao\AndroidManifest.xml:127:19-62
activity#com.example.gongjiao.MainActivity
ADDED from gongjiao\AndroidManifest.xml:129:9-130:20
	android:name
		ADDED from gongjiao\AndroidManifest.xml:129:19-67
activity#com.example.gongjiao.mycenter
ADDED from gongjiao\AndroidManifest.xml:131:9-132:20
	android:name
		ADDED from gongjiao\AndroidManifest.xml:131:19-63
activity#com.example.gongjiao.update
ADDED from gongjiao\AndroidManifest.xml:133:9-134:20
	android:name
		ADDED from gongjiao\AndroidManifest.xml:133:19-61
activity#com.example.gongjiao.mes_add
ADDED from gongjiao\AndroidManifest.xml:135:10-136:20
	android:name
		ADDED from gongjiao\AndroidManifest.xml:135:20-63
activity#com.example.gongjiao.mei
ADDED from gongjiao\AndroidManifest.xml:137:10-138:20
	android:name
		ADDED from gongjiao\AndroidManifest.xml:137:20-59
activity#com.example.gongjiao.toupiao
ADDED from gongjiao\AndroidManifest.xml:139:10-140:20
	android:name
		ADDED from gongjiao\AndroidManifest.xml:139:20-63
activity#com.example.gongjiao.luxian_des
ADDED from gongjiao\AndroidManifest.xml:141:9-142:20
	android:name
		ADDED from gongjiao\AndroidManifest.xml:141:19-65
activity#com.example.gongjiao.zhandian_cx
ADDED from gongjiao\AndroidManifest.xml:143:10-144:20
	android:name
		ADDED from gongjiao\AndroidManifest.xml:143:20-67
activity#com.example.gongjiao.luxian_list
ADDED from gongjiao\AndroidManifest.xml:145:10-146:20
	android:name
		ADDED from gongjiao\AndroidManifest.xml:145:20-67
activity#com.example.gongjiao.BusLineSearchDemo
ADDED from gongjiao\AndroidManifest.xml:147:10-148:20
	android:name
		ADDED from gongjiao\AndroidManifest.xml:147:20-73
activity#com.example.gongjiao.luxiansss
ADDED from gongjiao\AndroidManifest.xml:149:10-150:20
	android:name
		ADDED from gongjiao\AndroidManifest.xml:149:20-65
activity#com.example.gongjiao.zhandian_list
ADDED from gongjiao\AndroidManifest.xml:151:10-152:20
	android:name
		ADDED from gongjiao\AndroidManifest.xml:151:20-69